<html>
<body>
<pre>
<h1>µVision Build Log</h1>
<h2>Tool Versions:</h2>
IDE-Version: ¦ÌVision V5.39.0.0
Copyright (C) 2023 ARM Ltd and ARM Germany GmbH. All rights reserved.
License Information: a j, a, LIC=65ISZ-J0RS8-308NC-7X4HK-0BQK4-3CESJ
 
Tool Versions:
Toolchain:       MDK-ARM Plus  Version: 5.39.0.0
Toolchain Path:  D:\Keil_v5\ARM\ARMCC\Bin
C Compiler:      Armcc.exe V5.06 update 5 (build 528)
Assembler:       Armasm.exe V5.06 update 5 (build 528)
Linker/Locator:  ArmLink.exe V5.06 update 5 (build 528)
Library Manager: ArmAr.exe V5.06 update 5 (build 528)
Hex Converter:   FromElf.exe V5.06 update 5 (build 528)
CPU DLL:         SARMCM3.DLL V5.39.0.0
Dialog DLL:      DCM.DLL V1.17.5.0
Target DLL:      STLink\ST-LINKIII-KEIL_SWO.dll V3.2.0.0
Dialog DLL:      TCM.DLL V1.56.4.0
 
<h2>Project:</h2>
G:\bianchen\balance car\Project.uvprojx
Project File Date:  03/16/2025

<h2>Output:</h2>
*** Using Compiler 'V5.06 update 5 (build 528)', folder: 'D:\Keil_v5\ARM\ARMCC\Bin'
Build target 'Target 1'
Note: source file '.\System\sys\sys.cpp' - object file renamed from '.\Objects\sys.o' to '.\Objects\sys_1.o'.
compiling mian.cpp...
User\mian.cpp(20): error:  #109: expression preceding parentheses of apparent call must have (pointer-to-) function type
  						GPIOB, GPIO_Pin_4
User\mian.cpp(21): error:  #20: identifier "GPIO_Pin_B" is undefined
  						
PIOB, GPIO_Pin_B);//PB5
User\mian.cpp(19): error:  #289: no instance of constructor "MPU6050::MPU6050"  matches the argument list
            argument types are: (GPIO_TypeDef *, u16, GPIO_TypeDef *, <error-type>, <error-type>)
  MPU6050 MPU(GPIOB, GPIO_Pin_3,
User\mian.cpp: 0 warnings, 3 errors
compiling MPU6050.cpp...
Hardware\MPU6050\MPU6050.cpp(213): error:  #292: "GPIO" is not a nonstatic data member or base class of class "MPU6050"
  									GPIO(_IN_GPIOx,_INPin)
Hardware\MPU6050\MPU6050.cpp(213): error:  #18: expected a ")"
  									GPIO(_IN_GPIOx,_INPin)
Hardware\MPU6050\MPU6050.cpp(215): error:  #291: no default constructor exists for class "GPIO"
  {
Hardware\MPU6050\MPU6050.cpp: 0 warnings, 3 errors
".\Objects\Project.axf" - 6 Error(s), 0 Warning(s).

<h2>Software Packages used:</h2>

Package Vendor: Keil
                http://www.keil.com/pack/Keil.STM32F1xx_DFP.2.2.0.pack
                Keil::STM32F1xx_DFP@2.2.0
                STMicroelectronics STM32F1 Series Device Support, Drivers and Examples

<h2>Collection of Component include folders:</h2>
  D:/Users/j/AppData/Local/Arm/Packs/Keil/STM32F1xx_DFP/2.2.0/Device/Include

<h2>Collection of Component Files used:</h2>
Target not created.
Build Time Elapsed:  00:00:00
</pre>
</body>
</html>
